<?xml version="1.0" encoding="UTF-8"?>
<testsuite xmlns:xsi="http://www.w3.org/2001/XMLSchema-instance" xsi:noNamespaceSchemaLocation="https://maven.apache.org/surefire/maven-surefire-plugin/xsd/surefire-test-report.xsd" name="com.junitTest.SimpleDemo.AppTest" time="0.131" tests="2" errors="0" skipped="0" failures="0">
  <properties>
[...]
</properties>
  <testcase name="shouldAnswerWithTrue" classname="com.junitTest.SimpleDemo.AppTest" time="0.002"/>
  <testcase name="testAddMoney" classname="com.junitTest.SimpleDemo.AppTest" time="0.104"/>
</testsuite>